app/build/intermediates/manifest_merge_blame_file/release/manifest-merger-blame-release-report.txt
1<?xml version="1.0" encoding="utf-8"?>
2<manifest xmlns:android="http://schemas.android.com/apk/res/android"
3    package="com.example.callgenius"
4    android:versionCode="1"
5    android:versionName="1.0" >
6
7    <uses-sdk
8        android:minSdkVersion="21"
8-->src\main\AndroidManifest.xml
9        android:targetSdkVersion="29" />
9-->src\main\AndroidManifest.xml
10
11    <uses-permission android:name="android.permission.READ_CALL_LOG" />
11-->src\main\AndroidManifest.xml:5:5-72
11-->src\main\AndroidManifest.xml:5:22-69
12    <uses-permission android:name="android.permission.READ_PHONE_STATE" />
12-->src\main\AndroidManifest.xml:6:5-75
12-->src\main\AndroidManifest.xml:6:22-72
13    <uses-permission android:name="android.permission.INTERNET" />
13-->[com.google.android.gms:play-services-measurement-api:17.2.2] AndroidManifest.xml:22:5-67
13-->[com.google.android.gms:play-services-measurement-api:17.2.2] AndroidManifest.xml:22:22-64
14    <uses-permission android:name="android.permission.ACCESS_NETWORK_STATE" />
14-->[com.google.android.gms:play-services-measurement-api:17.2.2] AndroidManifest.xml:23:5-79
14-->[com.google.android.gms:play-services-measurement-api:17.2.2] AndroidManifest.xml:23:22-76
15    <uses-permission android:name="android.permission.WAKE_LOCK" /> <!-- Required by older versions of Google Play services to create IID tokens -->
15-->[com.google.android.gms:play-services-measurement-api:17.2.2] AndroidManifest.xml:24:5-68
15-->[com.google.android.gms:play-services-measurement-api:17.2.2] AndroidManifest.xml:24:22-65
16    <uses-permission android:name="com.google.android.c2dm.permission.RECEIVE" />
16-->[com.google.firebase:firebase-iid:20.0.2] AndroidManifest.xml:26:5-82
16-->[com.google.firebase:firebase-iid:20.0.2] AndroidManifest.xml:26:22-79
17    <uses-permission android:name="com.google.android.finsky.permission.BIND_GET_INSTALL_REFERRER_SERVICE" />
17-->[com.google.android.gms:play-services-measurement:17.2.2] AndroidManifest.xml:26:5-110
17-->[com.google.android.gms:play-services-measurement:17.2.2] AndroidManifest.xml:26:22-107
18
19    <application
19-->src\main\AndroidManifest.xml:8:5-65:19
20        android:allowBackup="true"
20-->src\main\AndroidManifest.xml:9:9-35
21        android:appComponentFactory="androidx.core.app.CoreComponentFactory"
21-->[androidx.core:core:1.1.0] AndroidManifest.xml:24:18-86
22        android:debuggable="true"
23        android:icon="@mipmap/ic_launcher"
23-->src\main\AndroidManifest.xml:10:9-43
24        android:label="@string/app_name"
24-->src\main\AndroidManifest.xml:11:9-41
25        android:roundIcon="@mipmap/ic_launcher_round"
25-->src\main\AndroidManifest.xml:12:9-54
26        android:supportsRtl="true"
26-->src\main\AndroidManifest.xml:13:9-35
27        android:testOnly="true"
28        android:theme="@style/AppTheme" >
28-->src\main\AndroidManifest.xml:14:9-40
29        <activity android:name="com.example.callgenius.SubActivities.RecordSub" />
29-->src\main\AndroidManifest.xml:16:9-61
29-->src\main\AndroidManifest.xml:16:19-58
30        <activity
30-->src\main\AndroidManifest.xml:17:9-21:20
31            android:name="com.example.callgenius.SubActivities.NotesSub"
31-->src\main\AndroidManifest.xml:17:19-57
32            android:parentActivityName="com.example.callgenius.MainActivity" >
32-->src\main\AndroidManifest.xml:18:13-55
33            <meta-data
33-->src\main\AndroidManifest.xml:19:13-20:48
34                android:name="android.support.PARENT_ACTIVITY"
34-->src\main\AndroidManifest.xml:19:24-70
35                android:value=".MainActivity" />
35-->src\main\AndroidManifest.xml:20:17-46
36        </activity>
37        <activity
37-->src\main\AndroidManifest.xml:22:9-31:20
38            android:name="com.example.callgenius.MainActivity"
38-->src\main\AndroidManifest.xml:23:13-41
39            android:label="@string/title_activity_main"
39-->src\main\AndroidManifest.xml:24:13-56
40            android:screenOrientation="portrait" >
40-->src\main\AndroidManifest.xml:25:13-49
41            <intent-filter>
41-->src\main\AndroidManifest.xml:26:9-28:25
42                <action android:name="android.intent.action.SEARCH" />
42-->src\main\AndroidManifest.xml:27:13-66
42-->src\main\AndroidManifest.xml:27:21-64
43            </intent-filter>
44
45            <meta-data
45-->src\main\AndroidManifest.xml:29:13-30:53
46                android:name="android.app.searchable"
46-->src\main\AndroidManifest.xml:29:24-61
47                android:resource="@xml/searchable" />
47-->src\main\AndroidManifest.xml:30:17-51
48        </activity>
49        <activity
49-->src\main\AndroidManifest.xml:32:9-39:20
50            android:name="com.example.callgenius.Register"
50-->src\main\AndroidManifest.xml:33:13-37
51            android:parentActivityName="com.example.callgenius.Signin"
51-->src\main\AndroidManifest.xml:34:13-49
52            android:screenOrientation="portrait" >
52-->src\main\AndroidManifest.xml:35:13-49
53            <meta-data
53-->src\main\AndroidManifest.xml:19:13-20:48
54                android:name="android.support.PARENT_ACTIVITY"
54-->src\main\AndroidManifest.xml:19:24-70
55                android:value="com.example.callgenius.Signin" />
55-->src\main\AndroidManifest.xml:20:17-46
56        </activity>
57        <activity
57-->src\main\AndroidManifest.xml:40:9-47:20
58            android:name="com.example.callgenius.SigninEmail"
58-->src\main\AndroidManifest.xml:41:13-40
59            android:parentActivityName="com.example.callgenius.Signin"
59-->src\main\AndroidManifest.xml:42:13-49
60            android:screenOrientation="portrait" >
60-->src\main\AndroidManifest.xml:43:13-49
61            <meta-data
61-->src\main\AndroidManifest.xml:19:13-20:48
62                android:name="android.support.PARENT_ACTIVITY"
62-->src\main\AndroidManifest.xml:19:24-70
63                android:value="com.example.callgenius.Signin" />
63-->src\main\AndroidManifest.xml:20:17-46
64        </activity>
65        <activity android:name="com.example.callgenius.Signin" />
65-->src\main\AndroidManifest.xml:48:9-44
65-->src\main\AndroidManifest.xml:48:19-41
66        <activity
66-->src\main\AndroidManifest.xml:49:9-56:20
67            android:name="com.example.callgenius.Splash"
67-->src\main\AndroidManifest.xml:50:13-35
68            android:theme="@style/SplashTheme" >
68-->src\main\AndroidManifest.xml:51:13-47
69            <intent-filter>
69-->src\main\AndroidManifest.xml:52:13-55:29
70                <action android:name="android.intent.action.MAIN" />
70-->src\main\AndroidManifest.xml:53:17-69
70-->src\main\AndroidManifest.xml:53:25-66
71
72                <category android:name="android.intent.category.LAUNCHER" />
72-->src\main\AndroidManifest.xml:54:17-77
72-->src\main\AndroidManifest.xml:54:27-74
73            </intent-filter>
74        </activity>
75
76        <service android:name="com.example.callgenius.RecordingService" />
76-->src\main\AndroidManifest.xml:57:9-61
76-->src\main\AndroidManifest.xml:57:18-50
77
78        <receiver android:name="com.example.callgenius.RecordingService" >
78-->src\main\AndroidManifest.xml:58:9-64:20
78-->src\main\AndroidManifest.xml:59:13-45
79            <intent-filter>
79-->src\main\AndroidManifest.xml:60:13-63:29
80                <action android:name="android.intent.action.PHONE_STATE" >
80-->src\main\AndroidManifest.xml:61:17-62:26
80-->src\main\AndroidManifest.xml:61:25-73
81                </action>
82            </intent-filter>
83        </receiver>
84
85        <activity
85-->[com.google.firebase:firebase-auth:19.2.0] AndroidManifest.xml:24:9-31:50
86            android:name="com.google.firebase.auth.internal.FederatedSignInActivity"
86-->[com.google.firebase:firebase-auth:19.2.0] AndroidManifest.xml:25:13-85
87            android:excludeFromRecents="true"
87-->[com.google.firebase:firebase-auth:19.2.0] AndroidManifest.xml:26:13-46
88            android:exported="true"
88-->[com.google.firebase:firebase-auth:19.2.0] AndroidManifest.xml:27:13-36
89            android:launchMode="singleTask"
89-->[com.google.firebase:firebase-auth:19.2.0] AndroidManifest.xml:28:13-44
90            android:permission="com.google.firebase.auth.api.gms.permission.LAUNCH_FEDERATED_SIGN_IN"
90-->[com.google.firebase:firebase-auth:19.2.0] AndroidManifest.xml:29:13-102
91            android:theme="@android:style/Theme.Translucent.NoTitleBar" />
91-->[com.google.firebase:firebase-auth:19.2.0] AndroidManifest.xml:30:13-72
92
93        <service
93-->[com.google.firebase:firebase-auth:19.2.0] AndroidManifest.xml:33:9-39:19
94            android:name="com.google.firebase.components.ComponentDiscoveryService"
94-->[com.google.firebase:firebase-auth:19.2.0] AndroidManifest.xml:34:13-84
95            android:directBootAware="true"
95-->[com.google.firebase:firebase-common:19.3.0] AndroidManifest.xml:34:13-43
96            android:exported="false" >
96-->[com.google.firebase:firebase-auth:19.2.0] AndroidManifest.xml:35:13-37
97            <meta-data
97-->[com.google.firebase:firebase-auth:19.2.0] AndroidManifest.xml:36:13-38:85
98                android:name="com.google.firebase.components:com.google.firebase.auth.FirebaseAuthRegistrar"
98-->[com.google.firebase:firebase-auth:19.2.0] AndroidManifest.xml:37:17-109
99                android:value="com.google.firebase.components.ComponentRegistrar" />
99-->[com.google.firebase:firebase-auth:19.2.0] AndroidManifest.xml:38:17-82
100            <meta-data
100-->[com.google.android.gms:play-services-measurement-api:17.2.2] AndroidManifest.xml:30:13-32:85
101                android:name="com.google.firebase.components:com.google.firebase.analytics.connector.internal.AnalyticsConnectorRegistrar"
101-->[com.google.android.gms:play-services-measurement-api:17.2.2] AndroidManifest.xml:31:17-139
102                android:value="com.google.firebase.components.ComponentRegistrar" />
102-->[com.google.android.gms:play-services-measurement-api:17.2.2] AndroidManifest.xml:32:17-82
103            <meta-data
103-->[com.google.firebase:firebase-iid:20.0.2] AndroidManifest.xml:32:13-34:85
104                android:name="com.google.firebase.components:com.google.firebase.iid.Registrar"
104-->[com.google.firebase:firebase-iid:20.0.2] AndroidManifest.xml:33:17-96
105                android:value="com.google.firebase.components.ComponentRegistrar" />
105-->[com.google.firebase:firebase-iid:20.0.2] AndroidManifest.xml:34:17-82
106        </service>
107
108        <activity
108-->[com.google.android.gms:play-services-auth:17.0.0] AndroidManifest.xml:23:9-27:75
109            android:name="com.google.android.gms.auth.api.signin.internal.SignInHubActivity"
109-->[com.google.android.gms:play-services-auth:17.0.0] AndroidManifest.xml:24:13-93
110            android:excludeFromRecents="true"
110-->[com.google.android.gms:play-services-auth:17.0.0] AndroidManifest.xml:25:13-46
111            android:exported="false"
111-->[com.google.android.gms:play-services-auth:17.0.0] AndroidManifest.xml:26:13-37
112            android:theme="@android:style/Theme.Translucent.NoTitleBar" />
112-->[com.google.android.gms:play-services-auth:17.0.0] AndroidManifest.xml:27:13-72
113        <!--
114            Service handling Google Sign-In user revocation. For apps that do not integrate with
115            Google Sign-In, this service will never be started.
116        -->
117        <service
117-->[com.google.android.gms:play-services-auth:17.0.0] AndroidManifest.xml:33:9-36:110
118            android:name="com.google.android.gms.auth.api.signin.RevocationBoundService"
118-->[com.google.android.gms:play-services-auth:17.0.0] AndroidManifest.xml:34:13-89
119            android:exported="true"
119-->[com.google.android.gms:play-services-auth:17.0.0] AndroidManifest.xml:35:13-36
120            android:permission="com.google.android.gms.auth.api.signin.permission.REVOCATION_NOTIFICATION" />
120-->[com.google.android.gms:play-services-auth:17.0.0] AndroidManifest.xml:36:13-107
121
122        <receiver
122-->[com.google.firebase:firebase-iid:20.0.2] AndroidManifest.xml:37:9-44:20
123            android:name="com.google.firebase.iid.FirebaseInstanceIdReceiver"
123-->[com.google.firebase:firebase-iid:20.0.2] AndroidManifest.xml:38:13-78
124            android:exported="true"
124-->[com.google.firebase:firebase-iid:20.0.2] AndroidManifest.xml:39:13-36
125            android:permission="com.google.android.c2dm.permission.SEND" >
125-->[com.google.firebase:firebase-iid:20.0.2] AndroidManifest.xml:40:13-73
126            <intent-filter>
126-->[com.google.firebase:firebase-iid:20.0.2] AndroidManifest.xml:41:13-43:29
127                <action android:name="com.google.android.c2dm.intent.RECEIVE" />
127-->[com.google.firebase:firebase-iid:20.0.2] AndroidManifest.xml:42:17-81
127-->[com.google.firebase:firebase-iid:20.0.2] AndroidManifest.xml:42:25-78
128            </intent-filter>
129        </receiver>
130
131        <activity
131-->[com.google.android.gms:play-services-base:17.1.0] AndroidManifest.xml:23:9-26:75
132            android:name="com.google.android.gms.common.api.GoogleApiActivity"
132-->[com.google.android.gms:play-services-base:17.1.0] AndroidManifest.xml:24:13-79
133            android:exported="false"
133-->[com.google.android.gms:play-services-base:17.1.0] AndroidManifest.xml:25:13-37
134            android:theme="@android:style/Theme.Translucent.NoTitleBar" />
134-->[com.google.android.gms:play-services-base:17.1.0] AndroidManifest.xml:26:13-72
135
136        <provider
136-->[com.google.firebase:firebase-common:19.3.0] AndroidManifest.xml:26:9-30:39
137            android:name="com.google.firebase.provider.FirebaseInitProvider"
137-->[com.google.firebase:firebase-common:19.3.0] AndroidManifest.xml:27:13-77
138            android:authorities="com.example.callgenius.firebaseinitprovider"
138-->[com.google.firebase:firebase-common:19.3.0] AndroidManifest.xml:28:13-72
139            android:exported="false"
139-->[com.google.firebase:firebase-common:19.3.0] AndroidManifest.xml:29:13-37
140            android:initOrder="100" />
140-->[com.google.firebase:firebase-common:19.3.0] AndroidManifest.xml:30:13-36
141
142        <receiver
142-->[com.google.android.gms:play-services-measurement:17.2.2] AndroidManifest.xml:29:9-33:20
143            android:name="com.google.android.gms.measurement.AppMeasurementReceiver"
143-->[com.google.android.gms:play-services-measurement:17.2.2] AndroidManifest.xml:30:13-85
144            android:enabled="true"
144-->[com.google.android.gms:play-services-measurement:17.2.2] AndroidManifest.xml:31:13-35
145            android:exported="false" >
145-->[com.google.android.gms:play-services-measurement:17.2.2] AndroidManifest.xml:32:13-37
146        </receiver>
147        <receiver
147-->[com.google.android.gms:play-services-measurement:17.2.2] AndroidManifest.xml:34:9-42:20
148            android:name="com.google.android.gms.measurement.AppMeasurementInstallReferrerReceiver"
148-->[com.google.android.gms:play-services-measurement:17.2.2] AndroidManifest.xml:35:13-100
149            android:enabled="true"
149-->[com.google.android.gms:play-services-measurement:17.2.2] AndroidManifest.xml:36:13-35
150            android:exported="true"
150-->[com.google.android.gms:play-services-measurement:17.2.2] AndroidManifest.xml:37:13-36
151            android:permission="android.permission.INSTALL_PACKAGES" >
151-->[com.google.android.gms:play-services-measurement:17.2.2] AndroidManifest.xml:38:13-69
152            <intent-filter>
152-->[com.google.android.gms:play-services-measurement:17.2.2] AndroidManifest.xml:39:13-41:29
153                <action android:name="com.android.vending.INSTALL_REFERRER" />
153-->[com.google.android.gms:play-services-measurement:17.2.2] AndroidManifest.xml:40:17-79
153-->[com.google.android.gms:play-services-measurement:17.2.2] AndroidManifest.xml:40:25-76
154            </intent-filter>
155        </receiver>
156
157        <service
157-->[com.google.android.gms:play-services-measurement:17.2.2] AndroidManifest.xml:44:9-47:40
158            android:name="com.google.android.gms.measurement.AppMeasurementService"
158-->[com.google.android.gms:play-services-measurement:17.2.2] AndroidManifest.xml:45:13-84
159            android:enabled="true"
159-->[com.google.android.gms:play-services-measurement:17.2.2] AndroidManifest.xml:46:13-35
160            android:exported="false" />
160-->[com.google.android.gms:play-services-measurement:17.2.2] AndroidManifest.xml:47:13-37
161        <service
161-->[com.google.android.gms:play-services-measurement:17.2.2] AndroidManifest.xml:48:9-52:72
162            android:name="com.google.android.gms.measurement.AppMeasurementJobService"
162-->[com.google.android.gms:play-services-measurement:17.2.2] AndroidManifest.xml:49:13-87
163            android:enabled="true"
163-->[com.google.android.gms:play-services-measurement:17.2.2] AndroidManifest.xml:50:13-35
164            android:exported="false"
164-->[com.google.android.gms:play-services-measurement:17.2.2] AndroidManifest.xml:51:13-37
165            android:permission="android.permission.BIND_JOB_SERVICE" />
165-->[com.google.android.gms:play-services-measurement:17.2.2] AndroidManifest.xml:52:13-69
166
167        <meta-data
167-->[com.google.android.gms:play-services-basement:17.0.0] AndroidManifest.xml:23:9-25:69
168            android:name="com.google.android.gms.version"
168-->[com.google.android.gms:play-services-basement:17.0.0] AndroidManifest.xml:24:13-58
169            android:value="@integer/google_play_services_version" />
169-->[com.google.android.gms:play-services-basement:17.0.0] AndroidManifest.xml:25:13-66
170
171        <provider
171-->[androidx.lifecycle:lifecycle-process:2.2.0] AndroidManifest.xml:25:9-29:43
172            android:name="androidx.lifecycle.ProcessLifecycleOwnerInitializer"
172-->[androidx.lifecycle:lifecycle-process:2.2.0] AndroidManifest.xml:26:13-79
173            android:authorities="com.example.callgenius.lifecycle-process"
173-->[androidx.lifecycle:lifecycle-process:2.2.0] AndroidManifest.xml:27:13-69
174            android:exported="false"
174-->[androidx.lifecycle:lifecycle-process:2.2.0] AndroidManifest.xml:28:13-37
175            android:multiprocess="true" />
175-->[androidx.lifecycle:lifecycle-process:2.2.0] AndroidManifest.xml:29:13-40
176    </application>
177
178</manifest>